<?xml version="1.0" encoding="UTF-8"?>
<!-- Generated by org.testng.reporters.JUnitXMLReporter -->
<testsuite ignored="0" hostname="Ant-KuldeepSingh-ATR1063" failures="4" tests="5" name="My websites page data" time="280.663" errors="0" timestamp="2024-10-03T13:31:32 IST">
  <testcase classname="tests.MyWebsitesTileDataTest" name="verifyAllTimeDataOnUI" time="52.695">
    <failure type="java.lang.AssertionError" message="The following asserts failed:
	Sessions are shown incorrect expected [52800.0] but found [38000.0],
	Time on site shown incorrect expected [70341.0] but found [60833.0]">
      <![CDATA[java.lang.AssertionError: The following asserts failed:
Sessions are shown incorrect expected [52800.0] but found [38000.0],
Time on site shown incorrect expected [70341.0] but found [60833.0]
at tests.MyWebsitesTileDataTest.verifyAllTimeDataOnUI(MyWebsitesTileDataTest.java:126)
at java.base/java.util.ArrayList.forEach(ArrayList.java:1511)
... Removed 29 stack frames]]>
    </failure>
  </testcase> <!-- verifyAllTimeDataOnUI -->
  <testcase classname="tests.MyWebsitesTileDataTest" name="verifyDeltaPercentage" time="27.703">
    <failure type="java.lang.AssertionError" message="The following asserts failed:
	Sessions delta doesn&amp;apos;t match expected [135] but found [-100]">
      <![CDATA[java.lang.AssertionError: The following asserts failed:
Sessions delta doesn't match expected [135] but found [-100]
at tests.MyWebsitesTileDataTest.verifyDeltaPercentage(MyWebsitesTileDataTest.java:245)
at java.base/java.util.ArrayList.forEach(ArrayList.java:1511)
... Removed 29 stack frames]]>
    </failure>
  </testcase> <!-- verifyDeltaPercentage -->
  <testcase classname="tests.MyWebsitesTileDataTest" name="verifyLastWeekComparisonDataOnUI" time="56.722">
    <failure type="java.lang.AssertionError" message="The following asserts failed:
	Last week Sessions doesn&amp;apos;t match expected [6312.0] but found [6300.0]">
      <![CDATA[java.lang.AssertionError: The following asserts failed:
Last week Sessions doesn't match expected [6312.0] but found [6300.0]
at tests.MyWebsitesTileDataTest.verifyLastWeekComparisonDataOnUI(MyWebsitesTileDataTest.java:205)
at java.base/java.util.ArrayList.forEach(ArrayList.java:1511)
... Removed 29 stack frames]]>
    </failure>
  </testcase> <!-- verifyLastWeekComparisonDataOnUI -->
  <testcase classname="tests.MyWebsitesTileDataTest" name="verifyLastWeekDataOnUI" time="54.487"/>
  <testcase classname="tests.MyWebsitesTileDataTest" name="verifyWeekSoFarDataOnUI" time="52.695">
    <failure type="java.lang.AssertionError" message="The following asserts failed:
	Sessions are shown incorrect expected [14800.0] but found [0.0],
	Time on site shown incorrect expected [9508.0] but found [0.0]">
      <![CDATA[java.lang.AssertionError: The following asserts failed:
Sessions are shown incorrect expected [14800.0] but found [0.0],
Time on site shown incorrect expected [9508.0] but found [0.0]
at tests.MyWebsitesTileDataTest.verifyWeekSoFarDataOnUI(MyWebsitesTileDataTest.java:167)
at java.base/java.util.ArrayList.forEach(ArrayList.java:1511)
... Removed 29 stack frames]]>
    </failure>
  </testcase> <!-- verifyWeekSoFarDataOnUI -->
</testsuite> <!-- My websites page data -->
